<?xml version="1.0" encoding="UTF-8"?>
<testsuite xmlns:xsi="http://www.w3.org/2001/XMLSchema-instance" xsi:noNamespaceSchemaLocation="https://maven.apache.org/surefire/maven-surefire-plugin/xsd/surefire-test-report.xsd" name="com.parkit.parkingsystem.ParkingServiceTest" time="3.477" tests="3" errors="0" skipped="0" failures="2">
  <properties>
    <property name="sun.desktop" value="windows"/>
    <property name="awt.toolkit" value="sun.awt.windows.WToolkit"/>
    <property name="file.encoding.pkg" value="sun.io"/>
    <property name="java.specification.version" value="1.8"/>
    <property name="sun.cpu.isalist" value="amd64"/>
    <property name="sun.jnu.encoding" value="Cp1252"/>
    <property name="java.class.path" value="C:\Users\solbr\IdeaProjects\parkingsystem\target\test-classes;C:\Users\solbr\IdeaProjects\parkingsystem\target\classes;C:\Users\solbr\.m2\repository\org\codehaus\mojo\findbugs-maven-plugin\3.0.4\findbugs-maven-plugin-3.0.4.jar;C:\Users\solbr\.m2\repository\com\google\code\findbugs\findbugs\3.0.1\findbugs-3.0.1.jar;C:\Users\solbr\.m2\repository\net\jcip\jcip-annotations\1.0\jcip-annotations-1.0.jar;C:\Users\solbr\.m2\repository\com\google\code\findbugs\jsr305\2.0.1\jsr305-2.0.1.jar;C:\Users\solbr\.m2\repository\com\google\code\findbugs\bcel-findbugs\6.0\bcel-findbugs-6.0.jar;C:\Users\solbr\.m2\repository\com\google\code\findbugs\jFormatString\2.0.1\jFormatString-2.0.1.jar;C:\Users\solbr\.m2\repository\dom4j\dom4j\1.6.1\dom4j-1.6.1.jar;C:\Users\solbr\.m2\repository\xml-apis\xml-apis\1.0.b2\xml-apis-1.0.b2.jar;C:\Users\solbr\.m2\repository\org\ow2\asm\asm-debug-all\5.0.2\asm-debug-all-5.0.2.jar;C:\Users\solbr\.m2\repository\org\ow2\asm\asm-commons\5.0.2\asm-commons-5.0.2.jar;C:\Users\solbr\.m2\repository\commons-lang\commons-lang\2.6\commons-lang-2.6.jar;C:\Users\solbr\.m2\repository\com\apple\AppleJavaExtensions\1.4\AppleJavaExtensions-1.4.jar;C:\Users\solbr\.m2\repository\jaxen\jaxen\1.1.6\jaxen-1.1.6.jar;C:\Users\solbr\.m2\repository\org\apache\ant\ant\1.9.4\ant-1.9.4.jar;C:\Users\solbr\.m2\repository\org\apache\ant\ant-launcher\1.9.4\ant-launcher-1.9.4.jar;C:\Users\solbr\.m2\repository\org\codehaus\groovy\groovy\2.4.7\groovy-2.4.7.jar;C:\Users\solbr\.m2\repository\org\codehaus\groovy\groovy-ant\2.4.7\groovy-ant-2.4.7.jar;C:\Users\solbr\.m2\repository\org\apache\ant\ant-antlr\1.9.4\ant-antlr-1.9.4.jar;C:\Users\solbr\.m2\repository\org\codehaus\groovy\groovy-groovydoc\2.4.7\groovy-groovydoc-2.4.7.jar;C:\Users\solbr\.m2\repository\org\codehaus\groovy\groovy-templates\2.4.7\groovy-templates-2.4.7.jar;C:\Users\solbr\.m2\repository\org\apache\ant\ant-junit\1.9.4\ant-junit-1.9.4.jar;C:\Users\solbr\.m2\repository\org\codehaus\groovy\groovy-xml\2.4.7\groovy-xml-2.4.7.jar;C:\Users\solbr\.m2\repository\org\apache\maven\reporting\maven-reporting-impl\2.1\maven-reporting-impl-2.1.jar;C:\Users\solbr\.m2\repository\commons-validator\commons-validator\1.2.0\commons-validator-1.2.0.jar;C:\Users\solbr\.m2\repository\commons-beanutils\commons-beanutils\1.7.0\commons-beanutils-1.7.0.jar;C:\Users\solbr\.m2\repository\commons-digester\commons-digester\1.6\commons-digester-1.6.jar;C:\Users\solbr\.m2\repository\oro\oro\2.0.8\oro-2.0.8.jar;C:\Users\solbr\.m2\repository\org\apache\maven\reporting\maven-reporting-api\3.0\maven-reporting-api-3.0.jar;C:\Users\solbr\.m2\repository\org\apache\maven\maven-plugin-api\2.0\maven-plugin-api-2.0.jar;C:\Users\solbr\.m2\repository\org\apache\maven\maven-plugin-descriptor\2.2.1\maven-plugin-descriptor-2.2.1.jar;C:\Users\solbr\.m2\repository\org\apache\maven\maven-artifact\2.2.1\maven-artifact-2.2.1.jar;C:\Users\solbr\.m2\repository\org\apache\maven\doxia\doxia-core\1.4\doxia-core-1.4.jar;C:\Users\solbr\.m2\repository\org\apache\maven\doxia\doxia-logging-api\1.4\doxia-logging-api-1.4.jar;C:\Users\solbr\.m2\repository\org\codehaus\plexus\plexus-component-annotations\1.5.5\plexus-component-annotations-1.5.5.jar;C:\Users\solbr\.m2\repository\xerces\xercesImpl\2.9.1\xercesImpl-2.9.1.jar;C:\Users\solbr\.m2\repository\org\apache\httpcomponents\httpclient\4.0.2\httpclient-4.0.2.jar;C:\Users\solbr\.m2\repository\org\apache\httpcomponents\httpcore\4.0.1\httpcore-4.0.1.jar;C:\Users\solbr\.m2\repository\org\apache\maven\doxia\doxia-sink-api\1.4\doxia-sink-api-1.4.jar;C:\Users\solbr\.m2\repository\org\apache\maven\doxia\doxia-decoration-model\1.4\doxia-decoration-model-1.4.jar;C:\Users\solbr\.m2\repository\org\apache\maven\doxia\doxia-site-renderer\1.4\doxia-site-renderer-1.4.jar;C:\Users\solbr\.m2\repository\org\codehaus\plexus\plexus-velocity\1.1.7\plexus-velocity-1.1.7.jar;C:\Users\solbr\.m2\repository\org\apache\velocity\velocity\1.5\velocity-1.5.jar;C:\Users\solbr\.m2\repository\org\apache\velocity\velocity-tools\2.0\velocity-tools-2.0.jar;C:\Users\solbr\.m2\repository\commons-chain\commons-chain\1.1\commons-chain-1.1.jar;C:\Users\solbr\.m2\repository\sslext\sslext\1.2-0\sslext-1.2-0.jar;C:\Users\solbr\.m2\repository\org\apache\struts\struts-core\1.3.8\struts-core-1.3.8.jar;C:\Users\solbr\.m2\repository\antlr\antlr\2.7.2\antlr-2.7.2.jar;C:\Users\solbr\.m2\repository\org\apache\struts\struts-taglib\1.3.8\struts-taglib-1.3.8.jar;C:\Users\solbr\.m2\repository\org\apache\struts\struts-tiles\1.3.8\struts-tiles-1.3.8.jar;C:\Users\solbr\.m2\repository\commons-collections\commons-collections\3.2.1\commons-collections-3.2.1.jar;C:\Users\solbr\.m2\repository\org\apache\maven\shared\maven-doxia-tools\1.2.1\maven-doxia-tools-1.2.1.jar;C:\Users\solbr\.m2\repository\org\apache\maven\maven-artifact-manager\2.0.6\maven-artifact-manager-2.0.6.jar;C:\Users\solbr\.m2\repository\org\codehaus\plexus\plexus-container-default\1.0-alpha-9\plexus-container-default-1.0-alpha-9.jar;C:\Users\solbr\.m2\repository\classworlds\classworlds\1.1-alpha-2\classworlds-1.1-alpha-2.jar;C:\Users\solbr\.m2\repository\org\codehaus\plexus\plexus-resources\1.0-alpha-7\plexus-resources-1.0-alpha-7.jar;C:\Users\solbr\.m2\repository\org\codehaus\plexus\plexus-utils\1.5.6\plexus-utils-1.5.6.jar;C:\Users\solbr\.m2\repository\org\sonatype\plexus\plexus-build-api\0.0.7\plexus-build-api-0.0.7.jar;C:\Users\solbr\.m2\repository\org\apache\logging\log4j\log4j-api\2.12.1\log4j-api-2.12.1.jar;C:\Users\solbr\.m2\repository\org\apache\logging\log4j\log4j-core\2.12.1\log4j-core-2.12.1.jar;C:\Users\solbr\.m2\repository\mysql\mysql-connector-java\8.0.19\mysql-connector-java-8.0.19.jar;C:\Users\solbr\.m2\repository\com\google\protobuf\protobuf-java\3.6.1\protobuf-java-3.6.1.jar;C:\Users\solbr\.m2\repository\org\junit\jupiter\junit-jupiter-api\5.3.2\junit-jupiter-api-5.3.2.jar;C:\Users\solbr\.m2\repository\org\apiguardian\apiguardian-api\1.0.0\apiguardian-api-1.0.0.jar;C:\Users\solbr\.m2\repository\org\opentest4j\opentest4j\1.1.1\opentest4j-1.1.1.jar;C:\Users\solbr\.m2\repository\org\junit\platform\junit-platform-commons\1.3.2\junit-platform-commons-1.3.2.jar;C:\Users\solbr\.m2\repository\org\junit\jupiter\junit-jupiter-engine\5.3.2\junit-jupiter-engine-5.3.2.jar;C:\Users\solbr\.m2\repository\org\junit\platform\junit-platform-engine\1.3.2\junit-platform-engine-1.3.2.jar;C:\Users\solbr\.m2\repository\org\mockito\mockito-junit-jupiter\2.23.4\mockito-junit-jupiter-2.23.4.jar;C:\Users\solbr\.m2\repository\org\mockito\mockito-core\2.23.4\mockito-core-2.23.4.jar;C:\Users\solbr\.m2\repository\net\bytebuddy\byte-buddy\1.9.3\byte-buddy-1.9.3.jar;C:\Users\solbr\.m2\repository\net\bytebuddy\byte-buddy-agent\1.9.3\byte-buddy-agent-1.9.3.jar;C:\Users\solbr\.m2\repository\org\objenesis\objenesis\2.6\objenesis-2.6.jar;C:\Users\solbr\.m2\repository\org\jacoco\jacoco-maven-plugin\0.8.6\jacoco-maven-plugin-0.8.6.jar;C:\Users\solbr\.m2\repository\org\apache\maven\maven-core\3.0\maven-core-3.0.jar;C:\Users\solbr\.m2\repository\org\apache\maven\maven-repository-metadata\3.0\maven-repository-metadata-3.0.jar;C:\Users\solbr\.m2\repository\org\apache\maven\maven-model-builder\3.0\maven-model-builder-3.0.jar;C:\Users\solbr\.m2\repository\org\apache\maven\maven-aether-provider\3.0\maven-aether-provider-3.0.jar;C:\Users\solbr\.m2\repository\org\sonatype\aether\aether-impl\1.7\aether-impl-1.7.jar;C:\Users\solbr\.m2\repository\org\sonatype\aether\aether-spi\1.7\aether-spi-1.7.jar;C:\Users\solbr\.m2\repository\org\sonatype\aether\aether-api\1.7\aether-api-1.7.jar;C:\Users\solbr\.m2\repository\org\sonatype\aether\aether-util\1.7\aether-util-1.7.jar;C:\Users\solbr\.m2\repository\org\sonatype\plexus\plexus-sec-dispatcher\1.3\plexus-sec-dispatcher-1.3.jar;C:\Users\solbr\.m2\repository\org\sonatype\plexus\plexus-cipher\1.4\plexus-cipher-1.4.jar;C:\Users\solbr\.m2\repository\org\apache\maven\shared\file-management\1.2.1\file-management-1.2.1.jar;C:\Users\solbr\.m2\repository\org\jacoco\org.jacoco.agent\0.8.6\org.jacoco.agent-0.8.6-runtime.jar;C:\Users\solbr\.m2\repository\org\jacoco\org.jacoco.core\0.8.6\org.jacoco.core-0.8.6.jar;C:\Users\solbr\.m2\repository\org\ow2\asm\asm\8.0.1\asm-8.0.1.jar;C:\Users\solbr\.m2\repository\org\ow2\asm\asm-tree\8.0.1\asm-tree-8.0.1.jar;C:\Users\solbr\.m2\repository\org\jacoco\org.jacoco.report\0.8.6\org.jacoco.report-0.8.6.jar;C:\Users\solbr\.m2\repository\org\apache\maven\plugins\maven-assembly-plugin\3.3.0\maven-assembly-plugin-3.3.0.jar;C:\Users\solbr\.m2\repository\org\apache\maven\maven-model\3.0\maven-model-3.0.jar;C:\Users\solbr\.m2\repository\org\apache\maven\shared\maven-common-artifact-filters\3.1.0\maven-common-artifact-filters-3.1.0.jar;C:\Users\solbr\.m2\repository\org\apache\maven\shared\maven-artifact-transfer\0.11.0\maven-artifact-transfer-0.11.0.jar;C:\Users\solbr\.m2\repository\org\slf4j\slf4j-api\1.7.5\slf4j-api-1.7.5.jar;C:\Users\solbr\.m2\repository\org\codehaus\plexus\plexus-interpolation\1.25\plexus-interpolation-1.25.jar;C:\Users\solbr\.m2\repository\org\codehaus\plexus\plexus-archiver\4.2.1\plexus-archiver-4.2.1.jar;C:\Users\solbr\.m2\repository\org\apache\commons\commons-compress\1.19\commons-compress-1.19.jar;C:\Users\solbr\.m2\repository\org\iq80\snappy\snappy\0.4\snappy-0.4.jar;C:\Users\solbr\.m2\repository\org\tukaani\xz\1.8\xz-1.8.jar;C:\Users\solbr\.m2\repository\org\apache\maven\shared\maven-shared-io\3.0.0\maven-shared-io-3.0.0.jar;C:\Users\solbr\.m2\repository\org\apache\maven\maven-compat\3.0\maven-compat-3.0.jar;C:\Users\solbr\.m2\repository\commons-io\commons-io\2.5\commons-io-2.5.jar;C:\Users\solbr\.m2\repository\org\apache\maven\shared\maven-filtering\3.1.1\maven-filtering-3.1.1.jar;C:\Users\solbr\.m2\repository\org\codehaus\plexus\plexus-io\3.2.0\plexus-io-3.2.0.jar;C:\Users\solbr\.m2\repository\org\apache\maven\maven-archiver\3.5.0\maven-archiver-3.5.0.jar;C:\Users\solbr\.m2\repository\commons-codec\commons-codec\1.6\commons-codec-1.6.jar;C:\Users\solbr\.m2\repository\org\junit\jupiter\junit-jupiter-params\5.5.2\junit-jupiter-params-5.5.2.jar;C:\Users\solbr\.m2\repository\junit\junit\4.13.1\junit-4.13.1.jar;C:\Users\solbr\.m2\repository\org\hamcrest\hamcrest-core\1.3\hamcrest-core-1.3.jar;C:\Users\solbr\.m2\repository\org\apache\maven\plugins\maven-site-plugin\3.9.0\maven-site-plugin-3.9.0.jar;C:\Users\solbr\.m2\repository\commons-logging\commons-logging\1.1\commons-logging-1.1.jar;C:\Users\solbr\.m2\repository\log4j\log4j\1.2.12\log4j-1.2.12.jar;C:\Users\solbr\.m2\repository\logkit\logkit\1.0.1\logkit-1.0.1.jar;C:\Users\solbr\.m2\repository\avalon-framework\avalon-framework\4.1.3\avalon-framework-4.1.3.jar;C:\Users\solbr\.m2\repository\org\apache\maven\reporting\maven-reporting-exec\1.4\maven-reporting-exec-1.4.jar;C:\Users\solbr\.m2\repository\org\eclipse\aether\aether-util\0.9.0.M2\aether-util-0.9.0.M2.jar;C:\Users\solbr\.m2\repository\org\apache\maven\shared\maven-shared-utils\3.1.0\maven-shared-utils-3.1.0.jar;C:\Users\solbr\.m2\repository\org\apache\maven\maven-settings\3.0\maven-settings-3.0.jar;C:\Users\solbr\.m2\repository\org\apache\maven\maven-settings-builder\3.0\maven-settings-builder-3.0.jar;C:\Users\solbr\.m2\repository\org\sonatype\sisu\sisu-inject-plexus\1.4.2\sisu-inject-plexus-1.4.2.jar;C:\Users\solbr\.m2\repository\org\sonatype\sisu\sisu-inject-bean\1.4.2\sisu-inject-bean-1.4.2.jar;C:\Users\solbr\.m2\repository\org\sonatype\sisu\sisu-guice\2.1.7\sisu-guice-2.1.7-noaop.jar;C:\Users\solbr\.m2\repository\org\codehaus\plexus\plexus-i18n\1.0-beta-10\plexus-i18n-1.0-beta-10.jar;C:\Users\solbr\.m2\repository\org\codehaus\plexus\plexus-classworlds\2.5.2\plexus-classworlds-2.5.2.jar;C:\Users\solbr\.m2\repository\org\apache\maven\doxia\doxia-module-xhtml\1.9.1\doxia-module-xhtml-1.9.1.jar;C:\Users\solbr\.m2\repository\org\apache\maven\doxia\doxia-module-xhtml5\1.9.1\doxia-module-xhtml5-1.9.1.jar;C:\Users\solbr\.m2\repository\org\apache\maven\doxia\doxia-module-apt\1.9.1\doxia-module-apt-1.9.1.jar;C:\Users\solbr\.m2\repository\org\apache\maven\doxia\doxia-module-xdoc\1.9.1\doxia-module-xdoc-1.9.1.jar;C:\Users\solbr\.m2\repository\org\apache\maven\doxia\doxia-module-fml\1.9.1\doxia-module-fml-1.9.1.jar;C:\Users\solbr\.m2\repository\org\apache\maven\doxia\doxia-module-markdown\1.9.1\doxia-module-markdown-1.9.1.jar;C:\Users\solbr\.m2\repository\com\vladsch\flexmark\flexmark-all\0.42.14\flexmark-all-0.42.14.jar;C:\Users\solbr\.m2\repository\com\vladsch\flexmark\flexmark\0.42.14\flexmark-0.42.14.jar;C:\Users\solbr\.m2\repository\com\vladsch\flexmark\flexmark-ext-abbreviation\0.42.14\flexmark-ext-abbreviation-0.42.14.jar;C:\Users\solbr\.m2\repository\com\vladsch\flexmark\flexmark-ext-admonition\0.42.14\flexmark-ext-admonition-0.42.14.jar;C:\Users\solbr\.m2\repository\com\vladsch\flexmark\flexmark-ext-anchorlink\0.42.14\flexmark-ext-anchorlink-0.42.14.jar;C:\Users\solbr\.m2\repository\com\vladsch\flexmark\flexmark-ext-aside\0.42.14\flexmark-ext-aside-0.42.14.jar;C:\Users\solbr\.m2\repository\com\vladsch\flexmark\flexmark-ext-attributes\0.42.14\flexmark-ext-attributes-0.42.14.jar;C:\Users\solbr\.m2\repository\com\vladsch\flexmark\flexmark-ext-autolink\0.42.14\flexmark-ext-autolink-0.42.14.jar;C:\Users\solbr\.m2\repository\org\nibor\autolink\autolink\0.6.0\autolink-0.6.0.jar;C:\Users\solbr\.m2\repository\com\vladsch\flexmark\flexmark-ext-definition\0.42.14\flexmark-ext-definition-0.42.14.jar;C:\Users\solbr\.m2\repository\com\vladsch\flexmark\flexmark-ext-emoji\0.42.14\flexmark-ext-emoji-0.42.14.jar;C:\Users\solbr\.m2\repository\com\vladsch\flexmark\flexmark-ext-enumerated-reference\0.42.14\flexmark-ext-enumerated-reference-0.42.14.jar;C:\Users\solbr\.m2\repository\com\vladsch\flexmark\flexmark-ext-escaped-character\0.42.14\flexmark-ext-escaped-character-0.42.14.jar;C:\Users\solbr\.m2\repository\com\vladsch\flexmark\flexmark-ext-footnotes\0.42.14\flexmark-ext-footnotes-0.42.14.jar;C:\Users\solbr\.m2\repository\com\vladsch\flexmark\flexmark-ext-gfm-issues\0.42.14\flexmark-ext-gfm-issues-0.42.14.jar;C:\Users\solbr\.m2\repository\com\vladsch\flexmark\flexmark-ext-gfm-strikethrough\0.42.14\flexmark-ext-gfm-strikethrough-0.42.14.jar;C:\Users\solbr\.m2\repository\com\vladsch\flexmark\flexmark-ext-gfm-tables\0.42.14\flexmark-ext-gfm-tables-0.42.14.jar;C:\Users\solbr\.m2\repository\com\vladsch\flexmark\flexmark-ext-gfm-tasklist\0.42.14\flexmark-ext-gfm-tasklist-0.42.14.jar;C:\Users\solbr\.m2\repository\com\vladsch\flexmark\flexmark-ext-gfm-users\0.42.14\flexmark-ext-gfm-users-0.42.14.jar;C:\Users\solbr\.m2\repository\com\vladsch\flexmark\flexmark-ext-gitlab\0.42.14\flexmark-ext-gitlab-0.42.14.jar;C:\Users\solbr\.m2\repository\com\vladsch\flexmark\flexmark-ext-jekyll-front-matter\0.42.14\flexmark-ext-jekyll-front-matter-0.42.14.jar;C:\Users\solbr\.m2\repository\com\vladsch\flexmark\flexmark-ext-jekyll-tag\0.42.14\flexmark-ext-jekyll-tag-0.42.14.jar;C:\Users\solbr\.m2\repository\com\vladsch\flexmark\flexmark-ext-media-tags\0.42.14\flexmark-ext-media-tags-0.42.14.jar;C:\Users\solbr\.m2\repository\com\vladsch\flexmark\flexmark-ext-macros\0.42.14\flexmark-ext-macros-0.42.14.jar;C:\Users\solbr\.m2\repository\com\vladsch\flexmark\flexmark-ext-ins\0.42.14\flexmark-ext-ins-0.42.14.jar;C:\Users\solbr\.m2\repository\com\vladsch\flexmark\flexmark-ext-xwiki-macros\0.42.14\flexmark-ext-xwiki-macros-0.42.14.jar;C:\Users\solbr\.m2\repository\com\vladsch\flexmark\flexmark-ext-superscript\0.42.14\flexmark-ext-superscript-0.42.14.jar;C:\Users\solbr\.m2\repository\com\vladsch\flexmark\flexmark-ext-tables\0.42.14\flexmark-ext-tables-0.42.14.jar;C:\Users\solbr\.m2\repository\com\vladsch\flexmark\flexmark-ext-toc\0.42.14\flexmark-ext-toc-0.42.14.jar;C:\Users\solbr\.m2\repository\com\vladsch\flexmark\flexmark-ext-typographic\0.42.14\flexmark-ext-typographic-0.42.14.jar;C:\Users\solbr\.m2\repository\com\vladsch\flexmark\flexmark-ext-wikilink\0.42.14\flexmark-ext-wikilink-0.42.14.jar;C:\Users\solbr\.m2\repository\com\vladsch\flexmark\flexmark-ext-yaml-front-matter\0.42.14\flexmark-ext-yaml-front-matter-0.42.14.jar;C:\Users\solbr\.m2\repository\com\vladsch\flexmark\flexmark-ext-youtube-embedded\0.42.14\flexmark-ext-youtube-embedded-0.42.14.jar;C:\Users\solbr\.m2\repository\com\vladsch\flexmark\flexmark-formatter\0.42.14\flexmark-formatter-0.42.14.jar;C:\Users\solbr\.m2\repository\com\vladsch\flexmark\flexmark-html-parser\0.42.14\flexmark-html-parser-0.42.14.jar;C:\Users\solbr\.m2\repository\org\jsoup\jsoup\1.10.2\jsoup-1.10.2.jar;C:\Users\solbr\.m2\repository\com\vladsch\flexmark\flexmark-jira-converter\0.42.14\flexmark-jira-converter-0.42.14.jar;C:\Users\solbr\.m2\repository\com\vladsch\flexmark\flexmark-profile-pegdown\0.42.14\flexmark-profile-pegdown-0.42.14.jar;C:\Users\solbr\.m2\repository\com\vladsch\flexmark\flexmark-util\0.42.14\flexmark-util-0.42.14.jar;C:\Users\solbr\.m2\repository\com\vladsch\flexmark\flexmark-youtrack-converter\0.42.14\flexmark-youtrack-converter-0.42.14.jar;C:\Users\solbr\.m2\repository\org\apache\maven\doxia\doxia-module-confluence\1.9.1\doxia-module-confluence-1.9.1.jar;C:\Users\solbr\.m2\repository\org\apache\maven\doxia\doxia-module-docbook-simple\1.9.1\doxia-module-docbook-simple-1.9.1.jar;C:\Users\solbr\.m2\repository\org\apache\maven\doxia\doxia-module-twiki\1.9.1\doxia-module-twiki-1.9.1.jar;C:\Users\solbr\.m2\repository\org\apache\maven\doxia\doxia-integration-tools\1.9.2\doxia-integration-tools-1.9.2.jar;C:\Users\solbr\.m2\repository\org\apache\maven\wagon\wagon-provider-api\3.3.1\wagon-provider-api-3.3.1.jar;C:\Users\solbr\.m2\repository\org\eclipse\jetty\jetty-server\9.2.29.v20191105\jetty-server-9.2.29.v20191105.jar;C:\Users\solbr\.m2\repository\javax\servlet\javax.servlet-api\3.1.0\javax.servlet-api-3.1.0.jar;C:\Users\solbr\.m2\repository\org\eclipse\jetty\jetty-http\9.2.29.v20191105\jetty-http-9.2.29.v20191105.jar;C:\Users\solbr\.m2\repository\org\eclipse\jetty\jetty-io\9.2.29.v20191105\jetty-io-9.2.29.v20191105.jar;C:\Users\solbr\.m2\repository\org\eclipse\jetty\jetty-servlet\9.2.29.v20191105\jetty-servlet-9.2.29.v20191105.jar;C:\Users\solbr\.m2\repository\org\eclipse\jetty\jetty-security\9.2.29.v20191105\jetty-security-9.2.29.v20191105.jar;C:\Users\solbr\.m2\repository\org\eclipse\jetty\jetty-webapp\9.2.29.v20191105\jetty-webapp-9.2.29.v20191105.jar;C:\Users\solbr\.m2\repository\org\eclipse\jetty\jetty-xml\9.2.29.v20191105\jetty-xml-9.2.29.v20191105.jar;C:\Users\solbr\.m2\repository\org\eclipse\jetty\jetty-util\9.2.29.v20191105\jetty-util-9.2.29.v20191105.jar;C:\Users\solbr\.m2\repository\org\apache\commons\commons-lang3\3.4\commons-lang3-3.4.jar;C:\Users\solbr\.m2\repository\org\apache\maven\plugins\maven-surefire-report-plugin\2.21.0\maven-surefire-report-plugin-2.21.0.jar;C:\Users\solbr\.m2\repository\org\apache\maven\maven-project\2.2.1\maven-project-2.2.1.jar;C:\Users\solbr\.m2\repository\org\apache\maven\maven-profile\2.2.1\maven-profile-2.2.1.jar;C:\Users\solbr\.m2\repository\org\apache\maven\maven-plugin-registry\2.2.1\maven-plugin-registry-2.2.1.jar;C:\Users\solbr\.m2\repository\org\apache\maven\plugin-tools\maven-plugin-annotations\3.5\maven-plugin-annotations-3.5.jar;C:\Users\solbr\.m2\repository\org\apache\maven\surefire\surefire-report-parser\2.21.0\surefire-report-parser-2.21.0.jar;C:\Users\solbr\.m2\repository\org\apache\maven\surefire\surefire-logger-api\2.21.0\surefire-logger-api-2.21.0.jar;"/>
    <property name="java.vm.vendor" value="Amazon.com Inc."/>
    <property name="sun.arch.data.model" value="64"/>
    <property name="user.variant" value=""/>
    <property name="java.vendor.url" value="https://aws.amazon.com/corretto/"/>
    <property name="user.timezone" value=""/>
    <property name="java.vm.specification.version" value="1.8"/>
    <property name="os.name" value="Windows 10"/>
    <property name="user.country" value="FR"/>
    <property name="sun.java.launcher" value="SUN_STANDARD"/>
    <property name="sun.boot.library.path" value="C:\Users\solbr\.jdks\corretto-1.8.0_282\jre\bin"/>
    <property name="sun.java.command" value="C:\Users\solbr\AppData\Local\Temp\surefire1243726248288456692\surefirebooter6189352984116004096.jar C:\Users\solbr\AppData\Local\Temp\surefire1243726248288456692 2021-03-24T12-40-10_552-jvmRun1 surefire1230655921453443661tmp surefire_05110364683008675657tmp"/>
    <property name="surefire.test.class.path" value="C:\Users\solbr\IdeaProjects\parkingsystem\target\test-classes;C:\Users\solbr\IdeaProjects\parkingsystem\target\classes;C:\Users\solbr\.m2\repository\org\codehaus\mojo\findbugs-maven-plugin\3.0.4\findbugs-maven-plugin-3.0.4.jar;C:\Users\solbr\.m2\repository\com\google\code\findbugs\findbugs\3.0.1\findbugs-3.0.1.jar;C:\Users\solbr\.m2\repository\net\jcip\jcip-annotations\1.0\jcip-annotations-1.0.jar;C:\Users\solbr\.m2\repository\com\google\code\findbugs\jsr305\2.0.1\jsr305-2.0.1.jar;C:\Users\solbr\.m2\repository\com\google\code\findbugs\bcel-findbugs\6.0\bcel-findbugs-6.0.jar;C:\Users\solbr\.m2\repository\com\google\code\findbugs\jFormatString\2.0.1\jFormatString-2.0.1.jar;C:\Users\solbr\.m2\repository\dom4j\dom4j\1.6.1\dom4j-1.6.1.jar;C:\Users\solbr\.m2\repository\xml-apis\xml-apis\1.0.b2\xml-apis-1.0.b2.jar;C:\Users\solbr\.m2\repository\org\ow2\asm\asm-debug-all\5.0.2\asm-debug-all-5.0.2.jar;C:\Users\solbr\.m2\repository\org\ow2\asm\asm-commons\5.0.2\asm-commons-5.0.2.jar;C:\Users\solbr\.m2\repository\commons-lang\commons-lang\2.6\commons-lang-2.6.jar;C:\Users\solbr\.m2\repository\com\apple\AppleJavaExtensions\1.4\AppleJavaExtensions-1.4.jar;C:\Users\solbr\.m2\repository\jaxen\jaxen\1.1.6\jaxen-1.1.6.jar;C:\Users\solbr\.m2\repository\org\apache\ant\ant\1.9.4\ant-1.9.4.jar;C:\Users\solbr\.m2\repository\org\apache\ant\ant-launcher\1.9.4\ant-launcher-1.9.4.jar;C:\Users\solbr\.m2\repository\org\codehaus\groovy\groovy\2.4.7\groovy-2.4.7.jar;C:\Users\solbr\.m2\repository\org\codehaus\groovy\groovy-ant\2.4.7\groovy-ant-2.4.7.jar;C:\Users\solbr\.m2\repository\org\apache\ant\ant-antlr\1.9.4\ant-antlr-1.9.4.jar;C:\Users\solbr\.m2\repository\org\codehaus\groovy\groovy-groovydoc\2.4.7\groovy-groovydoc-2.4.7.jar;C:\Users\solbr\.m2\repository\org\codehaus\groovy\groovy-templates\2.4.7\groovy-templates-2.4.7.jar;C:\Users\solbr\.m2\repository\org\apache\ant\ant-junit\1.9.4\ant-junit-1.9.4.jar;C:\Users\solbr\.m2\repository\org\codehaus\groovy\groovy-xml\2.4.7\groovy-xml-2.4.7.jar;C:\Users\solbr\.m2\repository\org\apache\maven\reporting\maven-reporting-impl\2.1\maven-reporting-impl-2.1.jar;C:\Users\solbr\.m2\repository\commons-validator\commons-validator\1.2.0\commons-validator-1.2.0.jar;C:\Users\solbr\.m2\repository\commons-beanutils\commons-beanutils\1.7.0\commons-beanutils-1.7.0.jar;C:\Users\solbr\.m2\repository\commons-digester\commons-digester\1.6\commons-digester-1.6.jar;C:\Users\solbr\.m2\repository\oro\oro\2.0.8\oro-2.0.8.jar;C:\Users\solbr\.m2\repository\org\apache\maven\reporting\maven-reporting-api\3.0\maven-reporting-api-3.0.jar;C:\Users\solbr\.m2\repository\org\apache\maven\maven-plugin-api\2.0\maven-plugin-api-2.0.jar;C:\Users\solbr\.m2\repository\org\apache\maven\maven-plugin-descriptor\2.2.1\maven-plugin-descriptor-2.2.1.jar;C:\Users\solbr\.m2\repository\org\apache\maven\maven-artifact\2.2.1\maven-artifact-2.2.1.jar;C:\Users\solbr\.m2\repository\org\apache\maven\doxia\doxia-core\1.4\doxia-core-1.4.jar;C:\Users\solbr\.m2\repository\org\apache\maven\doxia\doxia-logging-api\1.4\doxia-logging-api-1.4.jar;C:\Users\solbr\.m2\repository\org\codehaus\plexus\plexus-component-annotations\1.5.5\plexus-component-annotations-1.5.5.jar;C:\Users\solbr\.m2\repository\xerces\xercesImpl\2.9.1\xercesImpl-2.9.1.jar;C:\Users\solbr\.m2\repository\org\apache\httpcomponents\httpclient\4.0.2\httpclient-4.0.2.jar;C:\Users\solbr\.m2\repository\org\apache\httpcomponents\httpcore\4.0.1\httpcore-4.0.1.jar;C:\Users\solbr\.m2\repository\org\apache\maven\doxia\doxia-sink-api\1.4\doxia-sink-api-1.4.jar;C:\Users\solbr\.m2\repository\org\apache\maven\doxia\doxia-decoration-model\1.4\doxia-decoration-model-1.4.jar;C:\Users\solbr\.m2\repository\org\apache\maven\doxia\doxia-site-renderer\1.4\doxia-site-renderer-1.4.jar;C:\Users\solbr\.m2\repository\org\codehaus\plexus\plexus-velocity\1.1.7\plexus-velocity-1.1.7.jar;C:\Users\solbr\.m2\repository\org\apache\velocity\velocity\1.5\velocity-1.5.jar;C:\Users\solbr\.m2\repository\org\apache\velocity\velocity-tools\2.0\velocity-tools-2.0.jar;C:\Users\solbr\.m2\repository\commons-chain\commons-chain\1.1\commons-chain-1.1.jar;C:\Users\solbr\.m2\repository\sslext\sslext\1.2-0\sslext-1.2-0.jar;C:\Users\solbr\.m2\repository\org\apache\struts\struts-core\1.3.8\struts-core-1.3.8.jar;C:\Users\solbr\.m2\repository\antlr\antlr\2.7.2\antlr-2.7.2.jar;C:\Users\solbr\.m2\repository\org\apache\struts\struts-taglib\1.3.8\struts-taglib-1.3.8.jar;C:\Users\solbr\.m2\repository\org\apache\struts\struts-tiles\1.3.8\struts-tiles-1.3.8.jar;C:\Users\solbr\.m2\repository\commons-collections\commons-collections\3.2.1\commons-collections-3.2.1.jar;C:\Users\solbr\.m2\repository\org\apache\maven\shared\maven-doxia-tools\1.2.1\maven-doxia-tools-1.2.1.jar;C:\Users\solbr\.m2\repository\org\apache\maven\maven-artifact-manager\2.0.6\maven-artifact-manager-2.0.6.jar;C:\Users\solbr\.m2\repository\org\codehaus\plexus\plexus-container-default\1.0-alpha-9\plexus-container-default-1.0-alpha-9.jar;C:\Users\solbr\.m2\repository\classworlds\classworlds\1.1-alpha-2\classworlds-1.1-alpha-2.jar;C:\Users\solbr\.m2\repository\org\codehaus\plexus\plexus-resources\1.0-alpha-7\plexus-resources-1.0-alpha-7.jar;C:\Users\solbr\.m2\repository\org\codehaus\plexus\plexus-utils\1.5.6\plexus-utils-1.5.6.jar;C:\Users\solbr\.m2\repository\org\sonatype\plexus\plexus-build-api\0.0.7\plexus-build-api-0.0.7.jar;C:\Users\solbr\.m2\repository\org\apache\logging\log4j\log4j-api\2.12.1\log4j-api-2.12.1.jar;C:\Users\solbr\.m2\repository\org\apache\logging\log4j\log4j-core\2.12.1\log4j-core-2.12.1.jar;C:\Users\solbr\.m2\repository\mysql\mysql-connector-java\8.0.19\mysql-connector-java-8.0.19.jar;C:\Users\solbr\.m2\repository\com\google\protobuf\protobuf-java\3.6.1\protobuf-java-3.6.1.jar;C:\Users\solbr\.m2\repository\org\junit\jupiter\junit-jupiter-api\5.3.2\junit-jupiter-api-5.3.2.jar;C:\Users\solbr\.m2\repository\org\apiguardian\apiguardian-api\1.0.0\apiguardian-api-1.0.0.jar;C:\Users\solbr\.m2\repository\org\opentest4j\opentest4j\1.1.1\opentest4j-1.1.1.jar;C:\Users\solbr\.m2\repository\org\junit\platform\junit-platform-commons\1.3.2\junit-platform-commons-1.3.2.jar;C:\Users\solbr\.m2\repository\org\junit\jupiter\junit-jupiter-engine\5.3.2\junit-jupiter-engine-5.3.2.jar;C:\Users\solbr\.m2\repository\org\junit\platform\junit-platform-engine\1.3.2\junit-platform-engine-1.3.2.jar;C:\Users\solbr\.m2\repository\org\mockito\mockito-junit-jupiter\2.23.4\mockito-junit-jupiter-2.23.4.jar;C:\Users\solbr\.m2\repository\org\mockito\mockito-core\2.23.4\mockito-core-2.23.4.jar;C:\Users\solbr\.m2\repository\net\bytebuddy\byte-buddy\1.9.3\byte-buddy-1.9.3.jar;C:\Users\solbr\.m2\repository\net\bytebuddy\byte-buddy-agent\1.9.3\byte-buddy-agent-1.9.3.jar;C:\Users\solbr\.m2\repository\org\objenesis\objenesis\2.6\objenesis-2.6.jar;C:\Users\solbr\.m2\repository\org\jacoco\jacoco-maven-plugin\0.8.6\jacoco-maven-plugin-0.8.6.jar;C:\Users\solbr\.m2\repository\org\apache\maven\maven-core\3.0\maven-core-3.0.jar;C:\Users\solbr\.m2\repository\org\apache\maven\maven-repository-metadata\3.0\maven-repository-metadata-3.0.jar;C:\Users\solbr\.m2\repository\org\apache\maven\maven-model-builder\3.0\maven-model-builder-3.0.jar;C:\Users\solbr\.m2\repository\org\apache\maven\maven-aether-provider\3.0\maven-aether-provider-3.0.jar;C:\Users\solbr\.m2\repository\org\sonatype\aether\aether-impl\1.7\aether-impl-1.7.jar;C:\Users\solbr\.m2\repository\org\sonatype\aether\aether-spi\1.7\aether-spi-1.7.jar;C:\Users\solbr\.m2\repository\org\sonatype\aether\aether-api\1.7\aether-api-1.7.jar;C:\Users\solbr\.m2\repository\org\sonatype\aether\aether-util\1.7\aether-util-1.7.jar;C:\Users\solbr\.m2\repository\org\sonatype\plexus\plexus-sec-dispatcher\1.3\plexus-sec-dispatcher-1.3.jar;C:\Users\solbr\.m2\repository\org\sonatype\plexus\plexus-cipher\1.4\plexus-cipher-1.4.jar;C:\Users\solbr\.m2\repository\org\apache\maven\shared\file-management\1.2.1\file-management-1.2.1.jar;C:\Users\solbr\.m2\repository\org\jacoco\org.jacoco.agent\0.8.6\org.jacoco.agent-0.8.6-runtime.jar;C:\Users\solbr\.m2\repository\org\jacoco\org.jacoco.core\0.8.6\org.jacoco.core-0.8.6.jar;C:\Users\solbr\.m2\repository\org\ow2\asm\asm\8.0.1\asm-8.0.1.jar;C:\Users\solbr\.m2\repository\org\ow2\asm\asm-tree\8.0.1\asm-tree-8.0.1.jar;C:\Users\solbr\.m2\repository\org\jacoco\org.jacoco.report\0.8.6\org.jacoco.report-0.8.6.jar;C:\Users\solbr\.m2\repository\org\apache\maven\plugins\maven-assembly-plugin\3.3.0\maven-assembly-plugin-3.3.0.jar;C:\Users\solbr\.m2\repository\org\apache\maven\maven-model\3.0\maven-model-3.0.jar;C:\Users\solbr\.m2\repository\org\apache\maven\shared\maven-common-artifact-filters\3.1.0\maven-common-artifact-filters-3.1.0.jar;C:\Users\solbr\.m2\repository\org\apache\maven\shared\maven-artifact-transfer\0.11.0\maven-artifact-transfer-0.11.0.jar;C:\Users\solbr\.m2\repository\org\slf4j\slf4j-api\1.7.5\slf4j-api-1.7.5.jar;C:\Users\solbr\.m2\repository\org\codehaus\plexus\plexus-interpolation\1.25\plexus-interpolation-1.25.jar;C:\Users\solbr\.m2\repository\org\codehaus\plexus\plexus-archiver\4.2.1\plexus-archiver-4.2.1.jar;C:\Users\solbr\.m2\repository\org\apache\commons\commons-compress\1.19\commons-compress-1.19.jar;C:\Users\solbr\.m2\repository\org\iq80\snappy\snappy\0.4\snappy-0.4.jar;C:\Users\solbr\.m2\repository\org\tukaani\xz\1.8\xz-1.8.jar;C:\Users\solbr\.m2\repository\org\apache\maven\shared\maven-shared-io\3.0.0\maven-shared-io-3.0.0.jar;C:\Users\solbr\.m2\repository\org\apache\maven\maven-compat\3.0\maven-compat-3.0.jar;C:\Users\solbr\.m2\repository\commons-io\commons-io\2.5\commons-io-2.5.jar;C:\Users\solbr\.m2\repository\org\apache\maven\shared\maven-filtering\3.1.1\maven-filtering-3.1.1.jar;C:\Users\solbr\.m2\repository\org\codehaus\plexus\plexus-io\3.2.0\plexus-io-3.2.0.jar;C:\Users\solbr\.m2\repository\org\apache\maven\maven-archiver\3.5.0\maven-archiver-3.5.0.jar;C:\Users\solbr\.m2\repository\commons-codec\commons-codec\1.6\commons-codec-1.6.jar;C:\Users\solbr\.m2\repository\org\junit\jupiter\junit-jupiter-params\5.5.2\junit-jupiter-params-5.5.2.jar;C:\Users\solbr\.m2\repository\junit\junit\4.13.1\junit-4.13.1.jar;C:\Users\solbr\.m2\repository\org\hamcrest\hamcrest-core\1.3\hamcrest-core-1.3.jar;C:\Users\solbr\.m2\repository\org\apache\maven\plugins\maven-site-plugin\3.9.0\maven-site-plugin-3.9.0.jar;C:\Users\solbr\.m2\repository\commons-logging\commons-logging\1.1\commons-logging-1.1.jar;C:\Users\solbr\.m2\repository\log4j\log4j\1.2.12\log4j-1.2.12.jar;C:\Users\solbr\.m2\repository\logkit\logkit\1.0.1\logkit-1.0.1.jar;C:\Users\solbr\.m2\repository\avalon-framework\avalon-framework\4.1.3\avalon-framework-4.1.3.jar;C:\Users\solbr\.m2\repository\org\apache\maven\reporting\maven-reporting-exec\1.4\maven-reporting-exec-1.4.jar;C:\Users\solbr\.m2\repository\org\eclipse\aether\aether-util\0.9.0.M2\aether-util-0.9.0.M2.jar;C:\Users\solbr\.m2\repository\org\apache\maven\shared\maven-shared-utils\3.1.0\maven-shared-utils-3.1.0.jar;C:\Users\solbr\.m2\repository\org\apache\maven\maven-settings\3.0\maven-settings-3.0.jar;C:\Users\solbr\.m2\repository\org\apache\maven\maven-settings-builder\3.0\maven-settings-builder-3.0.jar;C:\Users\solbr\.m2\repository\org\sonatype\sisu\sisu-inject-plexus\1.4.2\sisu-inject-plexus-1.4.2.jar;C:\Users\solbr\.m2\repository\org\sonatype\sisu\sisu-inject-bean\1.4.2\sisu-inject-bean-1.4.2.jar;C:\Users\solbr\.m2\repository\org\sonatype\sisu\sisu-guice\2.1.7\sisu-guice-2.1.7-noaop.jar;C:\Users\solbr\.m2\repository\org\codehaus\plexus\plexus-i18n\1.0-beta-10\plexus-i18n-1.0-beta-10.jar;C:\Users\solbr\.m2\repository\org\codehaus\plexus\plexus-classworlds\2.5.2\plexus-classworlds-2.5.2.jar;C:\Users\solbr\.m2\repository\org\apache\maven\doxia\doxia-module-xhtml\1.9.1\doxia-module-xhtml-1.9.1.jar;C:\Users\solbr\.m2\repository\org\apache\maven\doxia\doxia-module-xhtml5\1.9.1\doxia-module-xhtml5-1.9.1.jar;C:\Users\solbr\.m2\repository\org\apache\maven\doxia\doxia-module-apt\1.9.1\doxia-module-apt-1.9.1.jar;C:\Users\solbr\.m2\repository\org\apache\maven\doxia\doxia-module-xdoc\1.9.1\doxia-module-xdoc-1.9.1.jar;C:\Users\solbr\.m2\repository\org\apache\maven\doxia\doxia-module-fml\1.9.1\doxia-module-fml-1.9.1.jar;C:\Users\solbr\.m2\repository\org\apache\maven\doxia\doxia-module-markdown\1.9.1\doxia-module-markdown-1.9.1.jar;C:\Users\solbr\.m2\repository\com\vladsch\flexmark\flexmark-all\0.42.14\flexmark-all-0.42.14.jar;C:\Users\solbr\.m2\repository\com\vladsch\flexmark\flexmark\0.42.14\flexmark-0.42.14.jar;C:\Users\solbr\.m2\repository\com\vladsch\flexmark\flexmark-ext-abbreviation\0.42.14\flexmark-ext-abbreviation-0.42.14.jar;C:\Users\solbr\.m2\repository\com\vladsch\flexmark\flexmark-ext-admonition\0.42.14\flexmark-ext-admonition-0.42.14.jar;C:\Users\solbr\.m2\repository\com\vladsch\flexmark\flexmark-ext-anchorlink\0.42.14\flexmark-ext-anchorlink-0.42.14.jar;C:\Users\solbr\.m2\repository\com\vladsch\flexmark\flexmark-ext-aside\0.42.14\flexmark-ext-aside-0.42.14.jar;C:\Users\solbr\.m2\repository\com\vladsch\flexmark\flexmark-ext-attributes\0.42.14\flexmark-ext-attributes-0.42.14.jar;C:\Users\solbr\.m2\repository\com\vladsch\flexmark\flexmark-ext-autolink\0.42.14\flexmark-ext-autolink-0.42.14.jar;C:\Users\solbr\.m2\repository\org\nibor\autolink\autolink\0.6.0\autolink-0.6.0.jar;C:\Users\solbr\.m2\repository\com\vladsch\flexmark\flexmark-ext-definition\0.42.14\flexmark-ext-definition-0.42.14.jar;C:\Users\solbr\.m2\repository\com\vladsch\flexmark\flexmark-ext-emoji\0.42.14\flexmark-ext-emoji-0.42.14.jar;C:\Users\solbr\.m2\repository\com\vladsch\flexmark\flexmark-ext-enumerated-reference\0.42.14\flexmark-ext-enumerated-reference-0.42.14.jar;C:\Users\solbr\.m2\repository\com\vladsch\flexmark\flexmark-ext-escaped-character\0.42.14\flexmark-ext-escaped-character-0.42.14.jar;C:\Users\solbr\.m2\repository\com\vladsch\flexmark\flexmark-ext-footnotes\0.42.14\flexmark-ext-footnotes-0.42.14.jar;C:\Users\solbr\.m2\repository\com\vladsch\flexmark\flexmark-ext-gfm-issues\0.42.14\flexmark-ext-gfm-issues-0.42.14.jar;C:\Users\solbr\.m2\repository\com\vladsch\flexmark\flexmark-ext-gfm-strikethrough\0.42.14\flexmark-ext-gfm-strikethrough-0.42.14.jar;C:\Users\solbr\.m2\repository\com\vladsch\flexmark\flexmark-ext-gfm-tables\0.42.14\flexmark-ext-gfm-tables-0.42.14.jar;C:\Users\solbr\.m2\repository\com\vladsch\flexmark\flexmark-ext-gfm-tasklist\0.42.14\flexmark-ext-gfm-tasklist-0.42.14.jar;C:\Users\solbr\.m2\repository\com\vladsch\flexmark\flexmark-ext-gfm-users\0.42.14\flexmark-ext-gfm-users-0.42.14.jar;C:\Users\solbr\.m2\repository\com\vladsch\flexmark\flexmark-ext-gitlab\0.42.14\flexmark-ext-gitlab-0.42.14.jar;C:\Users\solbr\.m2\repository\com\vladsch\flexmark\flexmark-ext-jekyll-front-matter\0.42.14\flexmark-ext-jekyll-front-matter-0.42.14.jar;C:\Users\solbr\.m2\repository\com\vladsch\flexmark\flexmark-ext-jekyll-tag\0.42.14\flexmark-ext-jekyll-tag-0.42.14.jar;C:\Users\solbr\.m2\repository\com\vladsch\flexmark\flexmark-ext-media-tags\0.42.14\flexmark-ext-media-tags-0.42.14.jar;C:\Users\solbr\.m2\repository\com\vladsch\flexmark\flexmark-ext-macros\0.42.14\flexmark-ext-macros-0.42.14.jar;C:\Users\solbr\.m2\repository\com\vladsch\flexmark\flexmark-ext-ins\0.42.14\flexmark-ext-ins-0.42.14.jar;C:\Users\solbr\.m2\repository\com\vladsch\flexmark\flexmark-ext-xwiki-macros\0.42.14\flexmark-ext-xwiki-macros-0.42.14.jar;C:\Users\solbr\.m2\repository\com\vladsch\flexmark\flexmark-ext-superscript\0.42.14\flexmark-ext-superscript-0.42.14.jar;C:\Users\solbr\.m2\repository\com\vladsch\flexmark\flexmark-ext-tables\0.42.14\flexmark-ext-tables-0.42.14.jar;C:\Users\solbr\.m2\repository\com\vladsch\flexmark\flexmark-ext-toc\0.42.14\flexmark-ext-toc-0.42.14.jar;C:\Users\solbr\.m2\repository\com\vladsch\flexmark\flexmark-ext-typographic\0.42.14\flexmark-ext-typographic-0.42.14.jar;C:\Users\solbr\.m2\repository\com\vladsch\flexmark\flexmark-ext-wikilink\0.42.14\flexmark-ext-wikilink-0.42.14.jar;C:\Users\solbr\.m2\repository\com\vladsch\flexmark\flexmark-ext-yaml-front-matter\0.42.14\flexmark-ext-yaml-front-matter-0.42.14.jar;C:\Users\solbr\.m2\repository\com\vladsch\flexmark\flexmark-ext-youtube-embedded\0.42.14\flexmark-ext-youtube-embedded-0.42.14.jar;C:\Users\solbr\.m2\repository\com\vladsch\flexmark\flexmark-formatter\0.42.14\flexmark-formatter-0.42.14.jar;C:\Users\solbr\.m2\repository\com\vladsch\flexmark\flexmark-html-parser\0.42.14\flexmark-html-parser-0.42.14.jar;C:\Users\solbr\.m2\repository\org\jsoup\jsoup\1.10.2\jsoup-1.10.2.jar;C:\Users\solbr\.m2\repository\com\vladsch\flexmark\flexmark-jira-converter\0.42.14\flexmark-jira-converter-0.42.14.jar;C:\Users\solbr\.m2\repository\com\vladsch\flexmark\flexmark-profile-pegdown\0.42.14\flexmark-profile-pegdown-0.42.14.jar;C:\Users\solbr\.m2\repository\com\vladsch\flexmark\flexmark-util\0.42.14\flexmark-util-0.42.14.jar;C:\Users\solbr\.m2\repository\com\vladsch\flexmark\flexmark-youtrack-converter\0.42.14\flexmark-youtrack-converter-0.42.14.jar;C:\Users\solbr\.m2\repository\org\apache\maven\doxia\doxia-module-confluence\1.9.1\doxia-module-confluence-1.9.1.jar;C:\Users\solbr\.m2\repository\org\apache\maven\doxia\doxia-module-docbook-simple\1.9.1\doxia-module-docbook-simple-1.9.1.jar;C:\Users\solbr\.m2\repository\org\apache\maven\doxia\doxia-module-twiki\1.9.1\doxia-module-twiki-1.9.1.jar;C:\Users\solbr\.m2\repository\org\apache\maven\doxia\doxia-integration-tools\1.9.2\doxia-integration-tools-1.9.2.jar;C:\Users\solbr\.m2\repository\org\apache\maven\wagon\wagon-provider-api\3.3.1\wagon-provider-api-3.3.1.jar;C:\Users\solbr\.m2\repository\org\eclipse\jetty\jetty-server\9.2.29.v20191105\jetty-server-9.2.29.v20191105.jar;C:\Users\solbr\.m2\repository\javax\servlet\javax.servlet-api\3.1.0\javax.servlet-api-3.1.0.jar;C:\Users\solbr\.m2\repository\org\eclipse\jetty\jetty-http\9.2.29.v20191105\jetty-http-9.2.29.v20191105.jar;C:\Users\solbr\.m2\repository\org\eclipse\jetty\jetty-io\9.2.29.v20191105\jetty-io-9.2.29.v20191105.jar;C:\Users\solbr\.m2\repository\org\eclipse\jetty\jetty-servlet\9.2.29.v20191105\jetty-servlet-9.2.29.v20191105.jar;C:\Users\solbr\.m2\repository\org\eclipse\jetty\jetty-security\9.2.29.v20191105\jetty-security-9.2.29.v20191105.jar;C:\Users\solbr\.m2\repository\org\eclipse\jetty\jetty-webapp\9.2.29.v20191105\jetty-webapp-9.2.29.v20191105.jar;C:\Users\solbr\.m2\repository\org\eclipse\jetty\jetty-xml\9.2.29.v20191105\jetty-xml-9.2.29.v20191105.jar;C:\Users\solbr\.m2\repository\org\eclipse\jetty\jetty-util\9.2.29.v20191105\jetty-util-9.2.29.v20191105.jar;C:\Users\solbr\.m2\repository\org\apache\commons\commons-lang3\3.4\commons-lang3-3.4.jar;C:\Users\solbr\.m2\repository\org\apache\maven\plugins\maven-surefire-report-plugin\2.21.0\maven-surefire-report-plugin-2.21.0.jar;C:\Users\solbr\.m2\repository\org\apache\maven\maven-project\2.2.1\maven-project-2.2.1.jar;C:\Users\solbr\.m2\repository\org\apache\maven\maven-profile\2.2.1\maven-profile-2.2.1.jar;C:\Users\solbr\.m2\repository\org\apache\maven\maven-plugin-registry\2.2.1\maven-plugin-registry-2.2.1.jar;C:\Users\solbr\.m2\repository\org\apache\maven\plugin-tools\maven-plugin-annotations\3.5\maven-plugin-annotations-3.5.jar;C:\Users\solbr\.m2\repository\org\apache\maven\surefire\surefire-report-parser\2.21.0\surefire-report-parser-2.21.0.jar;C:\Users\solbr\.m2\repository\org\apache\maven\surefire\surefire-logger-api\2.21.0\surefire-logger-api-2.21.0.jar;"/>
    <property name="sun.cpu.endian" value="little"/>
    <property name="user.home" value="C:\Users\solbr"/>
    <property name="user.language" value="fr"/>
    <property name="java.specification.vendor" value="Oracle Corporation"/>
    <property name="java.home" value="C:\Users\solbr\.jdks\corretto-1.8.0_282\jre"/>
    <property name="basedir" value="C:\Users\solbr\IdeaProjects\parkingsystem"/>
    <property name="file.separator" value="\"/>
    <property name="line.separator" value="&#10;"/>
    <property name="java.vm.specification.vendor" value="Oracle Corporation"/>
    <property name="java.specification.name" value="Java Platform API Specification"/>
    <property name="java.awt.graphicsenv" value="sun.awt.Win32GraphicsEnvironment"/>
    <property name="surefire.real.class.path" value="C:\Users\solbr\AppData\Local\Temp\surefire1243726248288456692\surefirebooter6189352984116004096.jar;C:\\Users\\solbr\\.m2\\repository\\org\\jacoco\\org.jacoco.agent\\0.8.6\\org.jacoco.agent-0.8.6-runtime.jar"/>
    <property name="sun.boot.class.path" value="C:\Users\solbr\.jdks\corretto-1.8.0_282\jre\lib\resources.jar;C:\Users\solbr\.jdks\corretto-1.8.0_282\jre\lib\rt.jar;C:\Users\solbr\.jdks\corretto-1.8.0_282\jre\lib\sunrsasign.jar;C:\Users\solbr\.jdks\corretto-1.8.0_282\jre\lib\jsse.jar;C:\Users\solbr\.jdks\corretto-1.8.0_282\jre\lib\jce.jar;C:\Users\solbr\.jdks\corretto-1.8.0_282\jre\lib\charsets.jar;C:\Users\solbr\.jdks\corretto-1.8.0_282\jre\lib\jfr.jar;C:\Users\solbr\.jdks\corretto-1.8.0_282\jre\classes"/>
    <property name="user.script" value=""/>
    <property name="sun.management.compiler" value="HotSpot 64-Bit Tiered Compilers"/>
    <property name="java.runtime.version" value="1.8.0_282-b08"/>
    <property name="user.name" value="solbr"/>
    <property name="path.separator" value=";"/>
    <property name="os.version" value="10.0"/>
    <property name="java.endorsed.dirs" value="C:\Users\solbr\.jdks\corretto-1.8.0_282\jre\lib\endorsed"/>
    <property name="java.runtime.name" value="OpenJDK Runtime Environment"/>
    <property name="file.encoding" value="Cp1252"/>
    <property name="java.vm.name" value="OpenJDK 64-Bit Server VM"/>
    <property name="localRepository" value="C:\Users\solbr\.m2\repository"/>
    <property name="java.vendor.url.bug" value="https://github.com/corretto/corretto-8/issues/"/>
    <property name="java.io.tmpdir" value="C:\Users\solbr\AppData\Local\Temp\"/>
    <property name="idea.version" value="2020.3.1"/>
    <property name="java.version" value="1.8.0_282"/>
    <property name="user.dir" value="C:\Users\solbr\IdeaProjects\parkingsystem"/>
    <property name="os.arch" value="amd64"/>
    <property name="java.vm.specification.name" value="Java Virtual Machine Specification"/>
    <property name="java.awt.printerjob" value="sun.awt.windows.WPrinterJob"/>
    <property name="sun.os.patch.level" value=""/>
    <property name="java.library.path" value="C:\Users\solbr\.jdks\corretto-1.8.0_282\jre\bin;C:\WINDOWS\Sun\Java\bin;C:\WINDOWS\system32;C:\WINDOWS;C:\Program Files (x86)\Amazon Corretto\jdk1.8.0_282;C:\WINDOWS\system32;C:\WINDOWS;C:\WINDOWS\System32\Wbem;C:\WINDOWS\System32\WindowsPowerShell\v1.0\;C:\WINDOWS\System32\OpenSSH\;C:\Users\solbr;C:\Program Files\Git\cmd;C:\apache-maven-3.6.3\bin;M2_HOME\bin;&quot;PATH=%PATH%;c:\windows\system32&quot;;C:\Windows\System32;C:\Program Files\MySQL\MySQL Shell 8.0\bin\;C:\Users\solbr;C:\Users\solbr\AppData\Local\Microsoft\WindowsApps;C:\Users\solbr\AppData\Local\GitHubDesktop\bin;;."/>
    <property name="java.vm.info" value="mixed mode"/>
    <property name="java.vendor" value="Amazon.com Inc."/>
    <property name="java.vm.version" value="25.282-b08"/>
    <property name="java.ext.dirs" value="C:\Users\solbr\.jdks\corretto-1.8.0_282\jre\lib\ext;C:\WINDOWS\Sun\Java\lib\ext"/>
    <property name="sun.io.unicode.encoding" value="UnicodeLittle"/>
    <property name="java.class.version" value="52.0"/>
  </properties>
  <testcase name="processIncomingRegularVehicleTest" classname="com.parkit.parkingsystem.ParkingServiceTest" time="3.446">
    <failure message="&#10;Wanted but not invoked:&#10;ticketDAO.getTicket(&lt;any string&gt;);&#10;-&gt; at com.parkit.parkingsystem.ParkingServiceTest.processIncomingRegularVehicleTest(ParkingServiceTest.java:76)&#10;Actually, there were zero interactions with this mock.&#10;" type="org.mockito.exceptions.verification.WantedButNotInvoked"><![CDATA[org.mockito.exceptions.verification.WantedButNotInvoked: 

Wanted but not invoked:
ticketDAO.getTicket(<any string>);
-> at com.parkit.parkingsystem.ParkingServiceTest.processIncomingRegularVehicleTest(ParkingServiceTest.java:76)
Actually, there were zero interactions with this mock.

	at com.parkit.parkingsystem.ParkingServiceTest.processIncomingRegularVehicleTest(ParkingServiceTest.java:76)
]]></failure>
    <system-out><![CDATA[Please select vehicle type from menu
1 CAR
2 BIKE
Incorrect input provided
12:40:19.986 [main] ERROR ParkingService - Error parsing user input for type of vehicle
java.lang.IllegalArgumentException: Entered input is invalid
	at com.parkit.parkingsystem.service.ParkingService.getVehicleType(ParkingService.java:108) ~[classes/:?]
	at com.parkit.parkingsystem.service.ParkingService.getNextParkingNumberIfAvailable(ParkingService.java:79) ~[classes/:?]
	at com.parkit.parkingsystem.service.ParkingService.processIncomingVehicle(ParkingService.java:36) ~[classes/:?]
	at com.parkit.parkingsystem.ParkingServiceTest.processIncomingRegularVehicleTest(ParkingServiceTest.java:75) ~[test-classes/:?]
	at sun.reflect.NativeMethodAccessorImpl.invoke0(Native Method) ~[?:1.8.0_282]
	at sun.reflect.NativeMethodAccessorImpl.invoke(NativeMethodAccessorImpl.java:62) ~[?:1.8.0_282]
	at sun.reflect.DelegatingMethodAccessorImpl.invoke(DelegatingMethodAccessorImpl.java:43) ~[?:1.8.0_282]
	at java.lang.reflect.Method.invoke(Method.java:498) ~[?:1.8.0_282]
	at org.junit.platform.commons.util.ReflectionUtils.invokeMethod(ReflectionUtils.java:532) ~[junit-platform-commons-1.3.2.jar:1.3.2]
	at org.junit.jupiter.engine.execution.ExecutableInvoker.invoke(ExecutableInvoker.java:115) ~[junit-jupiter-engine-5.3.2.jar:5.3.2]
	at org.junit.jupiter.engine.descriptor.TestMethodTestDescriptor.lambda$invokeTestMethod$6(TestMethodTestDescriptor.java:171) ~[junit-jupiter-engine-5.3.2.jar:5.3.2]
	at org.junit.platform.engine.support.hierarchical.ThrowableCollector.execute(ThrowableCollector.java:72) ~[junit-platform-engine-1.3.2.jar:1.3.2]
	at org.junit.jupiter.engine.descriptor.TestMethodTestDescriptor.invokeTestMethod(TestMethodTestDescriptor.java:167) ~[junit-jupiter-engine-5.3.2.jar:5.3.2]
	at org.junit.jupiter.engine.descriptor.TestMethodTestDescriptor.execute(TestMethodTestDescriptor.java:114) ~[junit-jupiter-engine-5.3.2.jar:5.3.2]
	at org.junit.jupiter.engine.descriptor.TestMethodTestDescriptor.execute(TestMethodTestDescriptor.java:59) ~[junit-jupiter-engine-5.3.2.jar:5.3.2]
	at org.junit.platform.engine.support.hierarchical.NodeTestTask.lambda$executeRecursively$4(NodeTestTask.java:108) ~[junit-platform-engine-1.3.2.jar:1.3.2]
	at org.junit.platform.engine.support.hierarchical.ThrowableCollector.execute(ThrowableCollector.java:72) ~[junit-platform-engine-1.3.2.jar:1.3.2]
	at org.junit.platform.engine.support.hierarchical.NodeTestTask.executeRecursively(NodeTestTask.java:98) ~[junit-platform-engine-1.3.2.jar:1.3.2]
	at org.junit.platform.engine.support.hierarchical.NodeTestTask.execute(NodeTestTask.java:74) ~[junit-platform-engine-1.3.2.jar:1.3.2]
	at java.util.ArrayList.forEach(ArrayList.java:1259) ~[?:1.8.0_282]
	at org.junit.platform.engine.support.hierarchical.SameThreadHierarchicalTestExecutorService.invokeAll(SameThreadHierarchicalTestExecutorService.java:38) ~[junit-platform-engine-1.3.2.jar:1.3.2]
	at org.junit.platform.engine.support.hierarchical.NodeTestTask.lambda$executeRecursively$4(NodeTestTask.java:112) ~[junit-platform-engine-1.3.2.jar:1.3.2]
	at org.junit.platform.engine.support.hierarchical.ThrowableCollector.execute(ThrowableCollector.java:72) ~[junit-platform-engine-1.3.2.jar:1.3.2]
	at org.junit.platform.engine.support.hierarchical.NodeTestTask.executeRecursively(NodeTestTask.java:98) ~[junit-platform-engine-1.3.2.jar:1.3.2]
	at org.junit.platform.engine.support.hierarchical.NodeTestTask.execute(NodeTestTask.java:74) ~[junit-platform-engine-1.3.2.jar:1.3.2]
	at java.util.ArrayList.forEach(ArrayList.java:1259) ~[?:1.8.0_282]
	at org.junit.platform.engine.support.hierarchical.SameThreadHierarchicalTestExecutorService.invokeAll(SameThreadHierarchicalTestExecutorService.java:38) ~[junit-platform-engine-1.3.2.jar:1.3.2]
	at org.junit.platform.engine.support.hierarchical.NodeTestTask.lambda$executeRecursively$4(NodeTestTask.java:112) ~[junit-platform-engine-1.3.2.jar:1.3.2]
	at org.junit.platform.engine.support.hierarchical.ThrowableCollector.execute(ThrowableCollector.java:72) [junit-platform-engine-1.3.2.jar:1.3.2]
	at org.junit.platform.engine.support.hierarchical.NodeTestTask.executeRecursively(NodeTestTask.java:98) [junit-platform-engine-1.3.2.jar:1.3.2]
	at org.junit.platform.engine.support.hierarchical.NodeTestTask.execute(NodeTestTask.java:74) [junit-platform-engine-1.3.2.jar:1.3.2]
	at org.junit.platform.engine.support.hierarchical.SameThreadHierarchicalTestExecutorService.submit(SameThreadHierarchicalTestExecutorService.java:32) [junit-platform-engine-1.3.2.jar:1.3.2]
	at org.junit.platform.engine.support.hierarchical.HierarchicalTestExecutor.execute(HierarchicalTestExecutor.java:57) [junit-platform-engine-1.3.2.jar:1.3.2]
	at org.junit.platform.engine.support.hierarchical.HierarchicalTestEngine.execute(HierarchicalTestEngine.java:51) [junit-platform-engine-1.3.2.jar:1.3.2]
	at org.junit.platform.launcher.core.DefaultLauncher.execute(DefaultLauncher.java:170) [junit-platform-launcher-1.2.0.jar:1.2.0]
	at org.junit.platform.launcher.core.DefaultLauncher.execute(DefaultLauncher.java:154) [junit-platform-launcher-1.2.0.jar:1.2.0]
	at org.junit.platform.launcher.core.DefaultLauncher.execute(DefaultLauncher.java:90) [junit-platform-launcher-1.2.0.jar:1.2.0]
	at org.junit.platform.surefire.provider.JUnitPlatformProvider.invokeAllTests(JUnitPlatformProvider.java:132) [junit-platform-surefire-provider-1.2.0.jar:1.2.0]
	at org.junit.platform.surefire.provider.JUnitPlatformProvider.invoke(JUnitPlatformProvider.java:111) [junit-platform-surefire-provider-1.2.0.jar:1.2.0]
	at org.apache.maven.surefire.booter.ForkedBooter.invokeProviderInSameClassLoader(ForkedBooter.java:379) [surefire-booter-2.21.0.jar:2.21.0]
	at org.apache.maven.surefire.booter.ForkedBooter.runSuitesInProcess(ForkedBooter.java:340) [surefire-booter-2.21.0.jar:2.21.0]
	at org.apache.maven.surefire.booter.ForkedBooter.execute(ForkedBooter.java:125) [surefire-booter-2.21.0.jar:2.21.0]
	at org.apache.maven.surefire.booter.ForkedBooter.main(ForkedBooter.java:413) [surefire-booter-2.21.0.jar:2.21.0]
]]></system-out>
  </testcase>
  <testcase name="processExitingVehicleTest" classname="com.parkit.parkingsystem.ParkingServiceTest" time="0.008"/>
  <testcase name="processExitingRegularVehicleTest" classname="com.parkit.parkingsystem.ParkingServiceTest" time="0.008">
    <failure message="expected: &lt;0.7125&gt; but was: &lt;0.0&gt;" type="org.opentest4j.AssertionFailedError"><![CDATA[org.opentest4j.AssertionFailedError: expected: <0.7125> but was: <0.0>
	at com.parkit.parkingsystem.ParkingServiceTest.processExitingRegularVehicleTest(ParkingServiceTest.java:98)
]]></failure>
    <system-out><![CDATA[Please type the vehicle registration number and press enter key
Please pay the parking fare:0.0
Recorded out-time for vehicle number:ABCDEF is:2021-03-24T12:40:20.085
]]></system-out>
  </testcase>
</testsuite>